<?xml version="1.0" encoding="UTF-8"?>
<!-- Generated by org.testng.reporters.JUnitReportReporter -->
<testsuite hostname="DESKTOP-G74HI41" failures="0" tests="2" name="com.nexsoft.cucumber.runner.CucumberRunner" time="6.430" errors="0" timestamp="2022-06-20T11:47:59 WIB" skipped="0">
  <testcase classname="com.nexsoft.cucumber.runner.CucumberRunner" name="runScenario" time="3.803"/>
  <system-out/>
  <testcase classname="com.nexsoft.cucumber.runner.CucumberRunner" name="runScenario" time="2.627"/>
  <system-out/>
</testsuite> <!-- com.nexsoft.cucumber.runner.CucumberRunner -->
